This is pdfTeX, Version 3.14159265-2.6-1.40.17 (MiKTeX 2.9.6210 64-bit) (preloaded format=pdflatex 2017.1.22)  1 JUN 2017 22:24
entering extended mode
**./EulerCircuit-Vermont2017.tex
(EulerCircuit-Vermont2017.tex
LaTeX2e <2016/03/31> patch level 3
Babel <3.9r> and hyphenation patterns for 75 language(s) loaded.
(C:\Users\Nilay\AppData\Roaming\MiKTeX\2.9\tex\latex\beamer\beamer.cls
Document Class: beamer 2017/01/23 v3.41 A class for typesetting presentations
(C:\Users\Nilay\AppData\Roaming\MiKTeX\2.9\tex\latex\etoolbox\etoolbox.sty
Package: etoolbox 2017/01/02 v2.4 e-TeX tools for LaTeX (JAW)
\etb@tempcnta=\count79
)
(C:\Users\Nilay\AppData\Roaming\MiKTeX\2.9\tex\latex\beamer\beamerbasemodes.sty
\beamer@tempbox=\box26
\beamer@tempcount=\count80
\c@beamerpauses=\count81

(C:\Users\Nilay\AppData\Roaming\MiKTeX\2.9\tex\latex\beamer\beamerbasedecode.st
y
\beamer@slideinframe=\count82
\beamer@minimum=\count83
)
\beamer@commentbox=\box27
\beamer@modecount=\count84
) ("C:\Program Files\MiKTeX 2.9\tex\generic\oberdiek\ifpdf.sty"
Package: ifpdf 2016/05/14 v3.1 Provides the ifpdf switch
)
\headheight=\dimen102
\headdp=\dimen103
\footheight=\dimen104
\sidebarheight=\dimen105
\beamer@tempdim=\dimen106
\beamer@finalheight=\dimen107
\beamer@animht=\dimen108
\beamer@animdp=\dimen109
\beamer@animwd=\dimen110
\beamer@leftmargin=\dimen111
\beamer@rightmargin=\dimen112
\beamer@leftsidebar=\dimen113
\beamer@rightsidebar=\dimen114
\beamer@boxsize=\dimen115
\beamer@vboxoffset=\dimen116
\beamer@descdefault=\dimen117
\beamer@descriptionwidth=\dimen118
\beamer@lastskip=\skip41
\beamer@areabox=\box28
\beamer@animcurrent=\box29
\beamer@animshowbox=\box30
\beamer@sectionbox=\box31
\beamer@logobox=\box32
\beamer@linebox=\box33
\beamer@sectioncount=\count85
\beamer@subsubsectionmax=\count86
\beamer@subsectionmax=\count87
\beamer@sectionmax=\count88
\beamer@totalheads=\count89
\beamer@headcounter=\count90
\beamer@partstartpage=\count91
\beamer@sectionstartpage=\count92
\beamer@subsectionstartpage=\count93
\beamer@animationtempa=\count94
\beamer@animationtempb=\count95
\beamer@xpos=\count96
\beamer@ypos=\count97
\beamer@showpartnumber=\count98
\beamer@currentsubsection=\count99
\beamer@coveringdepth=\count100
\beamer@sectionadjust=\count101
\beamer@tocsectionnumber=\count102

(C:\Users\Nilay\AppData\Roaming\MiKTeX\2.9\tex\latex\beamer\beamerbaseoptions.s
ty ("C:\Program Files\MiKTeX 2.9\tex\latex\graphics\keyval.sty"
Package: keyval 2014/10/28 v1.15 key=value parser (DPC)
\KV@toks@=\toks14
))
\beamer@paperwidth=\skip42
\beamer@paperheight=\skip43

("C:\Program Files\MiKTeX 2.9\tex\latex\geometry\geometry.sty"
Package: geometry 2010/09/12 v5.6 Page Geometry

("C:\Program Files\MiKTeX 2.9\tex\generic\oberdiek\ifvtex.sty"
Package: ifvtex 2016/05/16 v1.6 Detect VTeX and its facilities (HO)
Package ifvtex Info: VTeX not detected.
)
("C:\Program Files\MiKTeX 2.9\tex\generic\ifxetex\ifxetex.sty"
Package: ifxetex 2010/09/12 v0.6 Provides ifxetex conditional
)
\Gm@cnth=\count103
\Gm@cntv=\count104
\c@Gm@tempcnt=\count105
\Gm@bindingoffset=\dimen119
\Gm@wd@mp=\dimen120
\Gm@odd@mp=\dimen121
\Gm@even@mp=\dimen122
\Gm@layoutwidth=\dimen123
\Gm@layoutheight=\dimen124
\Gm@layouthoffset=\dimen125
\Gm@layoutvoffset=\dimen126
\Gm@dimlist=\toks15

("C:\Program Files\MiKTeX 2.9\tex\latex\geometry\geometry.cfg"))
("C:\Program Files\MiKTeX 2.9\tex\latex\base\size11.clo"
File: size11.clo 2014/09/29 v1.4h Standard LaTeX file (size option)
)
(C:\Users\Nilay\AppData\Roaming\MiKTeX\2.9\tex\latex\pgf\basiclayer\pgfcore.sty
("C:\Program Files\MiKTeX 2.9\tex\latex\graphics\graphicx.sty"
Package: graphicx 2014/10/28 v1.0g Enhanced LaTeX Graphics (DPC,SPQR)

("C:\Program Files\MiKTeX 2.9\tex\latex\graphics\graphics.sty"
Package: graphics 2016/07/10 v1.0t Standard LaTeX Graphics (DPC,SPQR)

("C:\Program Files\MiKTeX 2.9\tex\latex\graphics\trig.sty"
Package: trig 2016/01/03 v1.10 sin cos tan (DPC)
)
("C:\Program Files\MiKTeX 2.9\tex\latex\graphics-cfg\graphics.cfg"
File: graphics.cfg 2016/06/04 v1.11 sample graphics configuration
)
Package graphics Info: Driver file: pdftex.def on input line 99.

("C:\Program Files\MiKTeX 2.9\tex\latex\graphics-def\pdftex.def"
File: pdftex.def 2016/07/10 v0.06j Graphics/color for pdfTeX

("C:\Program Files\MiKTeX 2.9\tex\generic\oberdiek\infwarerr.sty"
Package: infwarerr 2016/05/16 v1.4 Providing info/warning/error messages (HO)
)
("C:\Program Files\MiKTeX 2.9\tex\generic\oberdiek\ltxcmds.sty"
Package: ltxcmds 2016/05/16 v1.23 LaTeX kernel commands for general use (HO)
)
\Gread@gobject=\count106
))
\Gin@req@height=\dimen127
\Gin@req@width=\dimen128
)
(C:\Users\Nilay\AppData\Roaming\MiKTeX\2.9\tex\latex\pgf\systemlayer\pgfsys.sty
(C:\Users\Nilay\AppData\Roaming\MiKTeX\2.9\tex\latex\pgf\utilities\pgfrcs.sty
(C:\Users\Nilay\AppData\Roaming\MiKTeX\2.9\tex\generic\pgf\utilities\pgfutil-co
mmon.tex
\pgfutil@everybye=\toks16
\pgfutil@tempdima=\dimen129
\pgfutil@tempdimb=\dimen130

(C:\Users\Nilay\AppData\Roaming\MiKTeX\2.9\tex\generic\pgf\utilities\pgfutil-co
mmon-lists.tex))
(C:\Users\Nilay\AppData\Roaming\MiKTeX\2.9\tex\generic\pgf\utilities\pgfutil-la
tex.def
\pgfutil@abb=\box34
 (C:\Users\Nilay\AppData\Roaming\MiKTeX\2.9\tex\latex\ms\everyshi.sty
Package: everyshi 2001/05/15 v3.00 EveryShipout Package (MS)
))
(C:\Users\Nilay\AppData\Roaming\MiKTeX\2.9\tex\generic\pgf\utilities\pgfrcs.cod
e.tex
Package: pgfrcs 2015/08/07 v3.0.1a (rcs-revision 1.31)
))
(C:\Users\Nilay\AppData\Roaming\MiKTeX\2.9\tex\generic\pgf\systemlayer\pgfsys.c
ode.tex
Package: pgfsys 2014/07/09 v3.0.1a (rcs-revision 1.48)

(C:\Users\Nilay\AppData\Roaming\MiKTeX\2.9\tex\generic\pgf\utilities\pgfkeys.co
de.tex
\pgfkeys@pathtoks=\toks17
\pgfkeys@temptoks=\toks18

(C:\Users\Nilay\AppData\Roaming\MiKTeX\2.9\tex\generic\pgf\utilities\pgfkeysfil
tered.code.tex
\pgfkeys@tmptoks=\toks19
))
\pgf@x=\dimen131
\pgf@y=\dimen132
\pgf@xa=\dimen133
\pgf@ya=\dimen134
\pgf@xb=\dimen135
\pgf@yb=\dimen136
\pgf@xc=\dimen137
\pgf@yc=\dimen138
\w@pgf@writea=\write3
\r@pgf@reada=\read1
\c@pgf@counta=\count107
\c@pgf@countb=\count108
\c@pgf@countc=\count109
\c@pgf@countd=\count110
\t@pgf@toka=\toks20
\t@pgf@tokb=\toks21
\t@pgf@tokc=\toks22

(C:\Users\Nilay\AppData\Roaming\MiKTeX\2.9\tex\generic\pgf\systemlayer\pgf.cfg
File: pgf.cfg 2008/05/14  (rcs-revision 1.7)
)
Driver file for pgf: pgfsys-pdftex.def

(C:\Users\Nilay\AppData\Roaming\MiKTeX\2.9\tex\generic\pgf\systemlayer\pgfsys-p
dftex.def
File: pgfsys-pdftex.def 2014/10/11  (rcs-revision 1.35)

(C:\Users\Nilay\AppData\Roaming\MiKTeX\2.9\tex\generic\pgf\systemlayer\pgfsys-c
ommon-pdf.def
File: pgfsys-common-pdf.def 2013/10/10  (rcs-revision 1.13)
)))
(C:\Users\Nilay\AppData\Roaming\MiKTeX\2.9\tex\generic\pgf\systemlayer\pgfsysso
ftpath.code.tex
File: pgfsyssoftpath.code.tex 2013/09/09  (rcs-revision 1.9)
\pgfsyssoftpath@smallbuffer@items=\count111
\pgfsyssoftpath@bigbuffer@items=\count112
)
(C:\Users\Nilay\AppData\Roaming\MiKTeX\2.9\tex\generic\pgf\systemlayer\pgfsyspr
otocol.code.tex
File: pgfsysprotocol.code.tex 2006/10/16  (rcs-revision 1.4)
))
(C:\Users\Nilay\AppData\Roaming\MiKTeX\2.9\tex\latex\xcolor\xcolor.sty
Package: xcolor 2016/05/11 v2.12 LaTeX color extensions (UK)

("C:\Program Files\MiKTeX 2.9\tex\latex\graphics-cfg\color.cfg"
File: color.cfg 2016/01/02 v1.6 sample color configuration
)
Package xcolor Info: Driver file: pdftex.def on input line 225.
Package xcolor Info: Model `cmy' substituted by `cmy0' on input line 1348.
Package xcolor Info: Model `hsb' substituted by `rgb' on input line 1352.
Package xcolor Info: Model `RGB' extended on input line 1364.
Package xcolor Info: Model `HTML' substituted by `rgb' on input line 1366.
Package xcolor Info: Model `Hsb' substituted by `hsb' on input line 1367.
Package xcolor Info: Model `tHsb' substituted by `hsb' on input line 1368.
Package xcolor Info: Model `HSB' substituted by `hsb' on input line 1369.
Package xcolor Info: Model `Gray' substituted by `gray' on input line 1370.
Package xcolor Info: Model `wave' substituted by `hsb' on input line 1371.
)
(C:\Users\Nilay\AppData\Roaming\MiKTeX\2.9\tex\generic\pgf\basiclayer\pgfcore.c
ode.tex
Package: pgfcore 2010/04/11 v3.0.1a (rcs-revision 1.7)

(C:\Users\Nilay\AppData\Roaming\MiKTeX\2.9\tex\generic\pgf\math\pgfmath.code.te
x
(C:\Users\Nilay\AppData\Roaming\MiKTeX\2.9\tex\generic\pgf\math\pgfmathcalc.cod
e.tex
(C:\Users\Nilay\AppData\Roaming\MiKTeX\2.9\tex\generic\pgf\math\pgfmathutil.cod
e.tex)
(C:\Users\Nilay\AppData\Roaming\MiKTeX\2.9\tex\generic\pgf\math\pgfmathparser.c
ode.tex
\pgfmath@dimen=\dimen139
\pgfmath@count=\count113
\pgfmath@box=\box35
\pgfmath@toks=\toks23
\pgfmath@stack@operand=\toks24
\pgfmath@stack@operation=\toks25
)
(C:\Users\Nilay\AppData\Roaming\MiKTeX\2.9\tex\generic\pgf\math\pgfmathfunction
s.code.tex
(C:\Users\Nilay\AppData\Roaming\MiKTeX\2.9\tex\generic\pgf\math\pgfmathfunction
s.basic.code.tex)
(C:\Users\Nilay\AppData\Roaming\MiKTeX\2.9\tex\generic\pgf\math\pgfmathfunction
s.trigonometric.code.tex)
(C:\Users\Nilay\AppData\Roaming\MiKTeX\2.9\tex\generic\pgf\math\pgfmathfunction
s.random.code.tex)
(C:\Users\Nilay\AppData\Roaming\MiKTeX\2.9\tex\generic\pgf\math\pgfmathfunction
s.comparison.code.tex)
(C:\Users\Nilay\AppData\Roaming\MiKTeX\2.9\tex\generic\pgf\math\pgfmathfunction
s.base.code.tex)
(C:\Users\Nilay\AppData\Roaming\MiKTeX\2.9\tex\generic\pgf\math\pgfmathfunction
s.round.code.tex)
(C:\Users\Nilay\AppData\Roaming\MiKTeX\2.9\tex\generic\pgf\math\pgfmathfunction
s.misc.code.tex)
(C:\Users\Nilay\AppData\Roaming\MiKTeX\2.9\tex\generic\pgf\math\pgfmathfunction
s.integerarithmetics.code.tex)))
(C:\Users\Nilay\AppData\Roaming\MiKTeX\2.9\tex\generic\pgf\math\pgfmathfloat.co
de.tex
\c@pgfmathroundto@lastzeros=\count114
))
(C:\Users\Nilay\AppData\Roaming\MiKTeX\2.9\tex\generic\pgf\basiclayer\pgfcorepo
ints.code.tex
File: pgfcorepoints.code.tex 2013/10/07  (rcs-revision 1.27)
\pgf@picminx=\dimen140
\pgf@picmaxx=\dimen141
\pgf@picminy=\dimen142
\pgf@picmaxy=\dimen143
\pgf@pathminx=\dimen144
\pgf@pathmaxx=\dimen145
\pgf@pathminy=\dimen146
\pgf@pathmaxy=\dimen147
\pgf@xx=\dimen148
\pgf@xy=\dimen149
\pgf@yx=\dimen150
\pgf@yy=\dimen151
\pgf@zx=\dimen152
\pgf@zy=\dimen153
)
(C:\Users\Nilay\AppData\Roaming\MiKTeX\2.9\tex\generic\pgf\basiclayer\pgfcorepa
thconstruct.code.tex
File: pgfcorepathconstruct.code.tex 2013/10/07  (rcs-revision 1.29)
\pgf@path@lastx=\dimen154
\pgf@path@lasty=\dimen155
)
(C:\Users\Nilay\AppData\Roaming\MiKTeX\2.9\tex\generic\pgf\basiclayer\pgfcorepa
thusage.code.tex
File: pgfcorepathusage.code.tex 2014/11/02  (rcs-revision 1.24)
\pgf@shorten@end@additional=\dimen156
\pgf@shorten@start@additional=\dimen157
)
(C:\Users\Nilay\AppData\Roaming\MiKTeX\2.9\tex\generic\pgf\basiclayer\pgfcoresc
opes.code.tex
File: pgfcorescopes.code.tex 2015/05/08  (rcs-revision 1.46)
\pgfpic=\box36
\pgf@hbox=\box37
\pgf@layerbox@main=\box38
\pgf@picture@serial@count=\count115
)
(C:\Users\Nilay\AppData\Roaming\MiKTeX\2.9\tex\generic\pgf\basiclayer\pgfcoregr
aphicstate.code.tex
File: pgfcoregraphicstate.code.tex 2014/11/02  (rcs-revision 1.12)
\pgflinewidth=\dimen158
)
(C:\Users\Nilay\AppData\Roaming\MiKTeX\2.9\tex\generic\pgf\basiclayer\pgfcoretr
ansformations.code.tex
File: pgfcoretransformations.code.tex 2015/08/07  (rcs-revision 1.20)
\pgf@pt@x=\dimen159
\pgf@pt@y=\dimen160
\pgf@pt@temp=\dimen161
)
(C:\Users\Nilay\AppData\Roaming\MiKTeX\2.9\tex\generic\pgf\basiclayer\pgfcorequ
ick.code.tex
File: pgfcorequick.code.tex 2008/10/09  (rcs-revision 1.3)
)
(C:\Users\Nilay\AppData\Roaming\MiKTeX\2.9\tex\generic\pgf\basiclayer\pgfcoreob
jects.code.tex
File: pgfcoreobjects.code.tex 2006/10/11  (rcs-revision 1.2)
)
(C:\Users\Nilay\AppData\Roaming\MiKTeX\2.9\tex\generic\pgf\basiclayer\pgfcorepa
thprocessing.code.tex
File: pgfcorepathprocessing.code.tex 2013/09/09  (rcs-revision 1.9)
)
(C:\Users\Nilay\AppData\Roaming\MiKTeX\2.9\tex\generic\pgf\basiclayer\pgfcorear
rows.code.tex
File: pgfcorearrows.code.tex 2015/05/14  (rcs-revision 1.43)
\pgfarrowsep=\dimen162
)
(C:\Users\Nilay\AppData\Roaming\MiKTeX\2.9\tex\generic\pgf\basiclayer\pgfcoresh
ade.code.tex
File: pgfcoreshade.code.tex 2013/07/15  (rcs-revision 1.15)
\pgf@max=\dimen163
\pgf@sys@shading@range@num=\count116
)
(C:\Users\Nilay\AppData\Roaming\MiKTeX\2.9\tex\generic\pgf\basiclayer\pgfcoreim
age.code.tex
File: pgfcoreimage.code.tex 2013/07/15  (rcs-revision 1.18)

(C:\Users\Nilay\AppData\Roaming\MiKTeX\2.9\tex\generic\pgf\basiclayer\pgfcoreex
ternal.code.tex
File: pgfcoreexternal.code.tex 2014/07/09  (rcs-revision 1.21)
\pgfexternal@startupbox=\box39
))
(C:\Users\Nilay\AppData\Roaming\MiKTeX\2.9\tex\generic\pgf\basiclayer\pgfcorela
yers.code.tex
File: pgfcorelayers.code.tex 2013/07/18  (rcs-revision 1.7)
)
(C:\Users\Nilay\AppData\Roaming\MiKTeX\2.9\tex\generic\pgf\basiclayer\pgfcoretr
ansparency.code.tex
File: pgfcoretransparency.code.tex 2013/09/30  (rcs-revision 1.5)
)
(C:\Users\Nilay\AppData\Roaming\MiKTeX\2.9\tex\generic\pgf\basiclayer\pgfcorepa
tterns.code.tex
File: pgfcorepatterns.code.tex 2013/11/07  (rcs-revision 1.5)
)))
(C:\Users\Nilay\AppData\Roaming\MiKTeX\2.9\tex\latex\pgf\utilities\xxcolor.sty
Package: xxcolor 2003/10/24 ver 0.1
\XC@nummixins=\count117
\XC@countmixins=\count118
) ("C:\Program Files\MiKTeX 2.9\tex\generic\oberdiek\atbegshi.sty"
Package: atbegshi 2016/06/09 v1.18 At begin shipout hook (HO)
)
("C:\Program Files\MiKTeX 2.9\tex\latex\hyperref\hyperref.sty"
Package: hyperref 2016/06/24 v6.83q Hypertext links for LaTeX

("C:\Program Files\MiKTeX 2.9\tex\generic\oberdiek\hobsub-hyperref.sty"
Package: hobsub-hyperref 2016/05/16 v1.14 Bundle oberdiek, subset hyperref (HO)


("C:\Program Files\MiKTeX 2.9\tex\generic\oberdiek\hobsub-generic.sty"
Package: hobsub-generic 2016/05/16 v1.14 Bundle oberdiek, subset generic (HO)
Package: hobsub 2016/05/16 v1.14 Construct package bundles (HO)
Package hobsub Info: Skipping package `infwarerr' (already loaded).
Package hobsub Info: Skipping package `ltxcmds' (already loaded).
Package: ifluatex 2016/05/16 v1.4 Provides the ifluatex switch (HO)
Package ifluatex Info: LuaTeX not detected.
Package hobsub Info: Skipping package `ifvtex' (already loaded).
Package: intcalc 2016/05/16 v1.2 Expandable calculations with integers (HO)
Package hobsub Info: Skipping package `ifpdf' (already loaded).
Package: etexcmds 2016/05/16 v1.6 Avoid name clashes with e-TeX commands (HO)
Package etexcmds Info: Could not find \expanded.
(etexcmds)             That can mean that you are not using pdfTeX 1.50 or
(etexcmds)             that some package has redefined \expanded.
(etexcmds)             In the latter case, load this package earlier.
Package: kvsetkeys 2016/05/16 v1.17 Key value parser (HO)
Package: kvdefinekeys 2016/05/16 v1.4 Define keys (HO)
Package: pdftexcmds 2016/05/21 v0.22 Utility functions of pdfTeX for LuaTeX (HO
)
Package pdftexcmds Info: LuaTeX not detected.
Package pdftexcmds Info: \pdf@primitive is available.
Package pdftexcmds Info: \pdf@ifprimitive is available.
Package pdftexcmds Info: \pdfdraftmode found.
Package: pdfescape 2016/05/16 v1.14 Implements pdfTeX's escape features (HO)
Package: bigintcalc 2016/05/16 v1.4 Expandable calculations on big integers (HO
)
Package: bitset 2016/05/16 v1.2 Handle bit-vector datatype (HO)
Package: uniquecounter 2016/05/16 v1.3 Provide unlimited unique counter (HO)
)
Package hobsub Info: Skipping package `hobsub' (already loaded).
Package: letltxmacro 2016/05/16 v1.5 Let assignment for LaTeX macros (HO)
Package: hopatch 2016/05/16 v1.3 Wrapper for package hooks (HO)
Package: xcolor-patch 2016/05/16 xcolor patch
Package: atveryend 2016/05/16 v1.9 Hooks at the very end of document (HO)
Package hobsub Info: Skipping package `atbegshi' (already loaded).
Package: refcount 2016/05/16 v3.5 Data extraction from label references (HO)
Package: hycolor 2016/05/16 v1.8 Color options for hyperref/bookmark (HO)
)
("C:\Program Files\MiKTeX 2.9\tex\latex\oberdiek\auxhook.sty"
Package: auxhook 2016/05/16 v1.4 Hooks for auxiliary files (HO)
)
("C:\Program Files\MiKTeX 2.9\tex\latex\oberdiek\kvoptions.sty"
Package: kvoptions 2016/05/16 v3.12 Key value format for package options (HO)
)
\@linkdim=\dimen164
\Hy@linkcounter=\count119
\Hy@pagecounter=\count120

("C:\Program Files\MiKTeX 2.9\tex\latex\hyperref\pd1enc.def"
File: pd1enc.def 2016/06/24 v6.83q Hyperref: PDFDocEncoding definition (HO)
)
\Hy@SavedSpaceFactor=\count121

("C:\Program Files\MiKTeX 2.9\tex\latex\00miktex\hyperref.cfg"
File: hyperref.cfg 2002/06/06 v1.2 hyperref configuration of TeXLive
)
Package hyperref Info: Option `bookmarks' set `true' on input line 4362.
Package hyperref Info: Option `bookmarksopen' set `true' on input line 4362.
Package hyperref Info: Option `implicit' set `false' on input line 4362.
Package hyperref Info: Hyper figures OFF on input line 4486.
Package hyperref Info: Link nesting OFF on input line 4491.
Package hyperref Info: Hyper index ON on input line 4494.
Package hyperref Info: Plain pages OFF on input line 4501.
Package hyperref Info: Backreferencing OFF on input line 4506.
Package hyperref Info: Implicit mode OFF; no redefinition of LaTeX internals.
Package hyperref Info: Bookmarks ON on input line 4735.
\c@Hy@tempcnt=\count122

(C:\Users\Nilay\AppData\Roaming\MiKTeX\2.9\tex\latex\url\url.sty
\Urlmuskip=\muskip10
Package: url 2013/09/16  ver 3.4  Verb mode for urls, etc.
)
LaTeX Info: Redefining \url on input line 5088.
\XeTeXLinkMargin=\dimen165
\Fld@menulength=\count123
\Field@Width=\dimen166
\Fld@charsize=\dimen167
Package hyperref Info: Hyper figures OFF on input line 6342.
Package hyperref Info: Link nesting OFF on input line 6347.
Package hyperref Info: Hyper index ON on input line 6350.
Package hyperref Info: backreferencing OFF on input line 6357.
Package hyperref Info: Link coloring OFF on input line 6362.
Package hyperref Info: Link coloring with OCG OFF on input line 6367.
Package hyperref Info: PDF/A mode OFF on input line 6372.
LaTeX Info: Redefining \ref on input line 6412.
LaTeX Info: Redefining \pageref on input line 6416.
\Hy@abspage=\count124


Package hyperref Message: Stopped early.

)

Package hyperref Message: Driver (autodetected): hpdftex.

("C:\Program Files\MiKTeX 2.9\tex\latex\hyperref\hpdftex.def"
File: hpdftex.def 2016/06/24 v6.83q Hyperref driver for pdfTeX
\Fld@listcount=\count125
\c@bookmark@seq@number=\count126

("C:\Program Files\MiKTeX 2.9\tex\latex\oberdiek\rerunfilecheck.sty"
Package: rerunfilecheck 2016/05/16 v1.8 Rerun checks for auxiliary files (HO)
Package uniquecounter Info: New unique counter `rerunfilecheck' on input line 2
82.
))
(C:\Users\Nilay\AppData\Roaming\MiKTeX\2.9\tex\latex\beamer\beamerbaserequires.
sty
(C:\Users\Nilay\AppData\Roaming\MiKTeX\2.9\tex\latex\beamer\beamerbasecompatibi
lity.sty)
(C:\Users\Nilay\AppData\Roaming\MiKTeX\2.9\tex\latex\beamer\beamerbasefont.sty
("C:\Program Files\MiKTeX 2.9\tex\latex\amsfonts\amssymb.sty"
Package: amssymb 2013/01/14 v3.01 AMS font symbols

("C:\Program Files\MiKTeX 2.9\tex\latex\amsfonts\amsfonts.sty"
Package: amsfonts 2013/01/14 v3.01 Basic AMSFonts support
\@emptytoks=\toks26
\symAMSa=\mathgroup4
\symAMSb=\mathgroup5
LaTeX Font Info:    Overwriting math alphabet `\mathfrak' in version `bold'
(Font)                  U/euf/m/n --> U/euf/b/n on input line 106.
))
(C:\Users\Nilay\AppData\Roaming\MiKTeX\2.9\tex\latex\sansmathaccent\sansmathacc
ent.sty
Package: sansmathaccent 2013/03/28

(C:\Users\Nilay\AppData\Roaming\MiKTeX\2.9\tex\latex\filehook\filehook.sty
Package: filehook 2011/10/12 v0.5d Hooks for input files
)))
(C:\Users\Nilay\AppData\Roaming\MiKTeX\2.9\tex\latex\beamer\beamerbasetranslato
r.sty
(C:\Users\Nilay\AppData\Roaming\MiKTeX\2.9\tex\latex\beamer\translator\translat
or.sty
Package: translator 2010/06/12 ver 1.10

(C:\Users\Nilay\AppData\Roaming\MiKTeX\2.9\tex\latex\beamer\translator\translat
or-language-mappings.tex)))
(C:\Users\Nilay\AppData\Roaming\MiKTeX\2.9\tex\latex\beamer\beamerbasemisc.sty)

(C:\Users\Nilay\AppData\Roaming\MiKTeX\2.9\tex\latex\beamer\beamerbasetwoscreen
s.sty)
(C:\Users\Nilay\AppData\Roaming\MiKTeX\2.9\tex\latex\beamer\beamerbaseoverlay.s
ty
\beamer@argscount=\count127
\beamer@lastskipcover=\skip44
\beamer@trivlistdepth=\count128
)
(C:\Users\Nilay\AppData\Roaming\MiKTeX\2.9\tex\latex\beamer\beamerbasetitle.sty
)
(C:\Users\Nilay\AppData\Roaming\MiKTeX\2.9\tex\latex\beamer\beamerbasesection.s
ty
\c@lecture=\count129
\c@part=\count130
\c@section=\count131
\c@subsection=\count132
\c@subsubsection=\count133
)
(C:\Users\Nilay\AppData\Roaming\MiKTeX\2.9\tex\latex\beamer\beamerbaseframe.sty
\beamer@framebox=\box40
\beamer@frametitlebox=\box41
\beamer@zoombox=\box42
\beamer@zoomcount=\count134
\beamer@zoomframecount=\count135
\beamer@frametextheight=\dimen168
\c@subsectionslide=\count136
\beamer@frametopskip=\skip45
\beamer@framebottomskip=\skip46
\beamer@frametopskipautobreak=\skip47
\beamer@framebottomskipautobreak=\skip48
\beamer@envbody=\toks27
\framewidth=\dimen169
\c@framenumber=\count137
)
(C:\Users\Nilay\AppData\Roaming\MiKTeX\2.9\tex\latex\beamer\beamerbaseverbatim.
sty
\beamer@verbatimfileout=\write4
)
(C:\Users\Nilay\AppData\Roaming\MiKTeX\2.9\tex\latex\beamer\beamerbaseframesize
.sty
\beamer@splitbox=\box43
\beamer@autobreakcount=\count138
\beamer@autobreaklastheight=\dimen170
\beamer@frametitletoks=\toks28
\beamer@framesubtitletoks=\toks29
)
(C:\Users\Nilay\AppData\Roaming\MiKTeX\2.9\tex\latex\beamer\beamerbaseframecomp
onents.sty
\beamer@footins=\box44
)
(C:\Users\Nilay\AppData\Roaming\MiKTeX\2.9\tex\latex\beamer\beamerbasecolor.sty
)
(C:\Users\Nilay\AppData\Roaming\MiKTeX\2.9\tex\latex\beamer\beamerbasenotes.sty
\beamer@frameboxcopy=\box45
) (C:\Users\Nilay\AppData\Roaming\MiKTeX\2.9\tex\latex\beamer\beamerbasetoc.sty
)
(C:\Users\Nilay\AppData\Roaming\MiKTeX\2.9\tex\latex\beamer\beamerbasetemplates
.sty
\beamer@sbttoks=\toks30

(C:\Users\Nilay\AppData\Roaming\MiKTeX\2.9\tex\latex\beamer\beamerbaseauxtempla
tes.sty
(C:\Users\Nilay\AppData\Roaming\MiKTeX\2.9\tex\latex\beamer\beamerbaseboxes.sty
\bmb@box=\box46
\bmb@colorbox=\box47
\bmb@boxshadow=\box48
\bmb@boxshadowball=\box49
\bmb@boxshadowballlarge=\box50
\bmb@temp=\dimen171
\bmb@dima=\dimen172
\bmb@dimb=\dimen173
\bmb@prevheight=\dimen174
)
\beamer@blockheadheight=\dimen175
))
(C:\Users\Nilay\AppData\Roaming\MiKTeX\2.9\tex\latex\beamer\beamerbaselocalstru
cture.sty ("C:\Program Files\MiKTeX 2.9\tex\latex\tools\enumerate.sty"
Package: enumerate 2015/07/23 v3.00 enumerate extensions (DPC)
\@enLab=\toks31
)
\c@figure=\count139
\c@table=\count140
\abovecaptionskip=\skip49
\belowcaptionskip=\skip50
)
(C:\Users\Nilay\AppData\Roaming\MiKTeX\2.9\tex\latex\beamer\beamerbasenavigatio
n.sty
\beamer@section@min@dim=\dimen176
)
(C:\Users\Nilay\AppData\Roaming\MiKTeX\2.9\tex\latex\beamer\beamerbasetheorems.
sty ("C:\Program Files\MiKTeX 2.9\tex\latex\amsmath\amsmath.sty"
Package: amsmath 2016/06/28 v2.15d AMS math features
\@mathmargin=\skip51

For additional information on amsmath, use the `?' option.
("C:\Program Files\MiKTeX 2.9\tex\latex\amsmath\amstext.sty"
Package: amstext 2000/06/29 v2.01 AMS text

("C:\Program Files\MiKTeX 2.9\tex\latex\amsmath\amsgen.sty"
File: amsgen.sty 1999/11/30 v2.0 generic functions
\@emptytoks=\toks32
\ex@=\dimen177
))
("C:\Program Files\MiKTeX 2.9\tex\latex\amsmath\amsbsy.sty"
Package: amsbsy 1999/11/29 v1.2d Bold Symbols
\pmbraise@=\dimen178
)
("C:\Program Files\MiKTeX 2.9\tex\latex\amsmath\amsopn.sty"
Package: amsopn 2016/03/08 v2.02 operator names
)
\inf@bad=\count141
LaTeX Info: Redefining \frac on input line 199.
\uproot@=\count142
\leftroot@=\count143
LaTeX Info: Redefining \overline on input line 297.
\classnum@=\count144
\DOTSCASE@=\count145
LaTeX Info: Redefining \ldots on input line 394.
LaTeX Info: Redefining \dots on input line 397.
LaTeX Info: Redefining \cdots on input line 518.
\Mathstrutbox@=\box51
\strutbox@=\box52
\big@size=\dimen179
LaTeX Font Info:    Redeclaring font encoding OML on input line 634.
LaTeX Font Info:    Redeclaring font encoding OMS on input line 635.
\macc@depth=\count146
\c@MaxMatrixCols=\count147
\dotsspace@=\muskip11
\c@parentequation=\count148
\dspbrk@lvl=\count149
\tag@help=\toks33
\row@=\count150
\column@=\count151
\maxfields@=\count152
\andhelp@=\toks34
\eqnshift@=\dimen180
\alignsep@=\dimen181
\tagshift@=\dimen182
\tagwidth@=\dimen183
\totwidth@=\dimen184
\lineht@=\dimen185
\@envbody=\toks35
\multlinegap=\skip52
\multlinetaggap=\skip53
\mathdisplay@stack=\toks36
LaTeX Info: Redefining \[ on input line 2739.
LaTeX Info: Redefining \] on input line 2740.
)
("C:\Program Files\MiKTeX 2.9\tex\latex\amscls\amsthm.sty"
Package: amsthm 2015/03/04 v2.20.2
\thm@style=\toks37
\thm@bodyfont=\toks38
\thm@headfont=\toks39
\thm@notefont=\toks40
\thm@headpunct=\toks41
\thm@preskip=\skip54
\thm@postskip=\skip55
\thm@headsep=\skip56
\dth@everypar=\toks42
)
\c@theorem=\count153
)
(C:\Users\Nilay\AppData\Roaming\MiKTeX\2.9\tex\latex\beamer\beamerbasethemes.st
y))
(C:\Users\Nilay\AppData\Roaming\MiKTeX\2.9\tex\latex\beamer\themes\theme\beamer
themedefault.sty
(C:\Users\Nilay\AppData\Roaming\MiKTeX\2.9\tex\latex\beamer\themes\font\beamerf
ontthemedefault.sty)
(C:\Users\Nilay\AppData\Roaming\MiKTeX\2.9\tex\latex\beamer\themes\color\beamer
colorthemedefault.sty)
(C:\Users\Nilay\AppData\Roaming\MiKTeX\2.9\tex\latex\beamer\themes\inner\beamer
innerthemedefault.sty
\beamer@dima=\dimen186
\beamer@dimb=\dimen187
)
(C:\Users\Nilay\AppData\Roaming\MiKTeX\2.9\tex\latex\beamer\themes\outer\beamer
outerthemedefault.sty)))
(C:\Users\Nilay\AppData\Roaming\MiKTeX\2.9\tex\latex\beamer\themes\theme\beamer
themeWarsaw.sty
(C:\Users\Nilay\AppData\Roaming\MiKTeX\2.9\tex\latex\beamer\themes\inner\beamer
innerthemerounded.sty)
(C:\Users\Nilay\AppData\Roaming\MiKTeX\2.9\tex\latex\beamer\themes\outer\beamer
outerthemeshadow.sty
(C:\Users\Nilay\AppData\Roaming\MiKTeX\2.9\tex\latex\beamer\themes\outer\beamer
outerthemesplit.sty))
(C:\Users\Nilay\AppData\Roaming\MiKTeX\2.9\tex\latex\beamer\themes\color\beamer
colorthemeorchid.sty)
(C:\Users\Nilay\AppData\Roaming\MiKTeX\2.9\tex\latex\beamer\themes\color\beamer
colorthemewhale.sty)) ("C:\Program Files\MiKTeX 2.9\tex\latex\tools\verbatim.st
y"
Package: verbatim 2014/10/28 v1.5q LaTeX2e package for verbatim enhancements
\every@verbatim=\toks43
\verbatim@line=\toks44
\verbatim@in@stream=\read2
) ("C:\Program Files\MiKTeX 2.9\tex\latex\lm\lmodern.sty"
Package: lmodern 2009/10/30 v1.6 Latin Modern Fonts
LaTeX Font Info:    Overwriting symbol font `operators' in version `normal'
(Font)                  OT1/cmr/m/n --> OT1/lmr/m/n on input line 22.
LaTeX Font Info:    Overwriting symbol font `letters' in version `normal'
(Font)                  OML/cmm/m/it --> OML/lmm/m/it on input line 23.
LaTeX Font Info:    Overwriting symbol font `symbols' in version `normal'
(Font)                  OMS/cmsy/m/n --> OMS/lmsy/m/n on input line 24.
LaTeX Font Info:    Overwriting symbol font `largesymbols' in version `normal'
(Font)                  OMX/cmex/m/n --> OMX/lmex/m/n on input line 25.
LaTeX Font Info:    Overwriting symbol font `operators' in version `bold'
(Font)                  OT1/cmr/bx/n --> OT1/lmr/bx/n on input line 26.
LaTeX Font Info:    Overwriting symbol font `letters' in version `bold'
(Font)                  OML/cmm/b/it --> OML/lmm/b/it on input line 27.
LaTeX Font Info:    Overwriting symbol font `symbols' in version `bold'
(Font)                  OMS/cmsy/b/n --> OMS/lmsy/b/n on input line 28.
LaTeX Font Info:    Overwriting symbol font `largesymbols' in version `bold'
(Font)                  OMX/cmex/m/n --> OMX/lmex/m/n on input line 29.
LaTeX Font Info:    Overwriting math alphabet `\mathbf' in version `normal'
(Font)                  OT1/cmr/bx/n --> OT1/lmr/bx/n on input line 31.
LaTeX Font Info:    Overwriting math alphabet `\mathsf' in version `normal'
(Font)                  OT1/cmss/m/n --> OT1/lmss/m/n on input line 32.
LaTeX Font Info:    Overwriting math alphabet `\mathit' in version `normal'
(Font)                  OT1/cmr/m/it --> OT1/lmr/m/it on input line 33.
LaTeX Font Info:    Overwriting math alphabet `\mathtt' in version `normal'
(Font)                  OT1/cmtt/m/n --> OT1/lmtt/m/n on input line 34.
LaTeX Font Info:    Overwriting math alphabet `\mathbf' in version `bold'
(Font)                  OT1/cmr/bx/n --> OT1/lmr/bx/n on input line 35.
LaTeX Font Info:    Overwriting math alphabet `\mathsf' in version `bold'
(Font)                  OT1/cmss/bx/n --> OT1/lmss/bx/n on input line 36.
LaTeX Font Info:    Overwriting math alphabet `\mathit' in version `bold'
(Font)                  OT1/cmr/bx/it --> OT1/lmr/bx/it on input line 37.
LaTeX Font Info:    Overwriting math alphabet `\mathtt' in version `bold'
(Font)                  OT1/cmtt/m/n --> OT1/lmtt/m/n on input line 38.
)
(C:\Users\Nilay\AppData\Roaming\MiKTeX\2.9\tex\latex\booktabs\booktabs.sty
Package: booktabs 2005/04/14 v1.61803 publication quality tables
\heavyrulewidth=\dimen188
\lightrulewidth=\dimen189
\cmidrulewidth=\dimen190
\belowrulesep=\dimen191
\belowbottomsep=\dimen192
\aboverulesep=\dimen193
\abovetopsep=\dimen194
\cmidrulesep=\dimen195
\cmidrulekern=\dimen196
\defaultaddspace=\dimen197
\@cmidla=\count154
\@cmidlb=\count155
\@aboverulesep=\dimen198
\@belowrulesep=\dimen199
\@thisruleclass=\count156
\@lastruleclass=\count157
\@thisrulewidth=\dimen256
)
(EulerCircuit-Vermont2017.aux)
\openout1 = `EulerCircuit-Vermont2017.aux'.

LaTeX Font Info:    Checking defaults for OML/cmm/m/it on input line 97.
LaTeX Font Info:    ... okay on input line 97.
LaTeX Font Info:    Checking defaults for T1/cmr/m/n on input line 97.
LaTeX Font Info:    ... okay on input line 97.
LaTeX Font Info:    Checking defaults for OT1/cmr/m/n on input line 97.
LaTeX Font Info:    ... okay on input line 97.
LaTeX Font Info:    Checking defaults for OMS/cmsy/m/n on input line 97.
LaTeX Font Info:    ... okay on input line 97.
LaTeX Font Info:    Checking defaults for OMX/cmex/m/n on input line 97.
LaTeX Font Info:    ... okay on input line 97.
LaTeX Font Info:    Checking defaults for U/cmr/m/n on input line 97.
LaTeX Font Info:    ... okay on input line 97.
LaTeX Font Info:    Checking defaults for PD1/pdf/m/n on input line 97.
LaTeX Font Info:    ... okay on input line 97.
LaTeX Font Info:    Try loading font information for OT1+lmss on input line 97.


("C:\Program Files\MiKTeX 2.9\tex\latex\lm\ot1lmss.fd"
File: ot1lmss.fd 2009/10/30 v1.6 Font defs for Latin Modern
)
*geometry* driver: auto-detecting
*geometry* detected driver: pdftex
*geometry* verbose mode - [ preamble ] result:
* driver: pdftex
* paper: custom
* layout: <same size as paper>
* layoutoffset:(h,v)=(0.0pt,0.0pt)
* modes: includehead includefoot 
* h-part:(L,W,R)=(28.45274pt, 307.28987pt, 28.45274pt)
* v-part:(T,H,B)=(0.0pt, 273.14662pt, 0.0pt)
* \paperwidth=364.19536pt
* \paperheight=273.14662pt
* \textwidth=307.28987pt
* \textheight=244.6939pt
* \oddsidemargin=-43.81725pt
* \evensidemargin=-43.81725pt
* \topmargin=-72.26999pt
* \headheight=14.22636pt
* \headsep=0.0pt
* \topskip=11.0pt
* \footskip=14.22636pt
* \marginparwidth=4.0pt
* \marginparsep=10.0pt
* \columnsep=10.0pt
* \skip\footins=10.0pt plus 4.0pt minus 2.0pt
* \hoffset=0.0pt
* \voffset=0.0pt
* \mag=1000
* \@twocolumnfalse
* \@twosidefalse
* \@mparswitchfalse
* \@reversemarginfalse
* (1in=72.27pt=25.4mm, 1cm=28.453pt)

(C:\Users\Nilay\AppData\Roaming\MiKTeX\2.9\tex\context\base\supp-pdf.mkii
[Loading MPS to PDF converter (version 2006.09.02).]
\scratchcounter=\count158
\scratchdimen=\dimen257
\scratchbox=\box53
\nofMPsegments=\count159
\nofMParguments=\count160
\everyMPshowfont=\toks45
\MPscratchCnt=\count161
\MPscratchDim=\dimen258
\MPnumerator=\count162
\makeMPintoPDFobject=\count163
\everyMPtoPDFconversion=\toks46
) ("C:\Program Files\MiKTeX 2.9\tex\latex\oberdiek\epstopdf-base.sty"
Package: epstopdf-base 2016/05/15 v2.6 Base part for package epstopdf

("C:\Program Files\MiKTeX 2.9\tex\latex\oberdiek\grfext.sty"
Package: grfext 2016/05/16 v1.2 Manage graphics extensions (HO)
)
Package epstopdf-base Info: Redefining graphics rule for `.eps' on input line 4
38.
Package grfext Info: Graphics extension search list:
(grfext)             [.png,.pdf,.jpg,.mps,.jpeg,.jbig2,.jb2,.PNG,.PDF,.JPG,.JPE
G,.JBIG2,.JB2,.eps]
(grfext)             \AppendGraphicsExtensions on input line 456.
)
ABD: EveryShipout initializing macros
\AtBeginShipoutBox=\box54
Package hyperref Info: Link coloring OFF on input line 97.

("C:\Program Files\MiKTeX 2.9\tex\latex\hyperref\nameref.sty"
Package: nameref 2016/05/21 v2.44 Cross-referencing by name of section

("C:\Program Files\MiKTeX 2.9\tex\generic\oberdiek\gettitlestring.sty"
Package: gettitlestring 2016/05/16 v1.5 Cleanup title references (HO)
)
\c@section@level=\count164
)
LaTeX Info: Redefining \ref on input line 97.
LaTeX Info: Redefining \pageref on input line 97.
LaTeX Info: Redefining \nameref on input line 97.

(EulerCircuit-Vermont2017.out) (EulerCircuit-Vermont2017.out)
\@outlinefile=\write5
\openout5 = `EulerCircuit-Vermont2017.out'.

LaTeX Font Info:    Overwriting symbol font `operators' in version `normal'
(Font)                  OT1/lmr/m/n --> OT1/cmss/m/n on input line 97.
LaTeX Font Info:    Overwriting symbol font `operators' in version `bold'
(Font)                  OT1/lmr/bx/n --> OT1/cmss/bx/n on input line 97.
LaTeX Font Info:    Overwriting symbol font `operators' in version `normal'
(Font)                  OT1/cmss/m/n --> OT1/lmss/m/n on input line 97.
LaTeX Font Info:    Overwriting symbol font `operators' in version `bold'
(Font)                  OT1/cmss/bx/n --> OT1/lmss/bx/n on input line 97.
\symnumbers=\mathgroup6
\sympureletters=\mathgroup7
LaTeX Font Info:    Overwriting math alphabet `\mathrm' in version `normal'
(Font)                  OT1/lmss/m/n --> OT1/lmr/m/n on input line 97.
LaTeX Font Info:    Redeclaring math alphabet \mathbf on input line 97.
LaTeX Font Info:    Overwriting math alphabet `\mathbf' in version `normal'
(Font)                  OT1/lmr/bx/n --> OT1/lmss/bx/n on input line 97.
LaTeX Font Info:    Overwriting math alphabet `\mathbf' in version `bold'
(Font)                  OT1/lmr/bx/n --> OT1/lmss/bx/n on input line 97.
LaTeX Font Info:    Redeclaring math alphabet \mathsf on input line 97.
LaTeX Font Info:    Overwriting math alphabet `\mathsf' in version `normal'
(Font)                  OT1/lmss/m/n --> OT1/lmss/m/n on input line 97.
LaTeX Font Info:    Overwriting math alphabet `\mathsf' in version `bold'
(Font)                  OT1/lmss/bx/n --> OT1/lmss/m/n on input line 97.
LaTeX Font Info:    Redeclaring math alphabet \mathit on input line 97.
LaTeX Font Info:    Overwriting math alphabet `\mathit' in version `normal'
(Font)                  OT1/lmr/m/it --> OT1/lmss/m/it on input line 97.
LaTeX Font Info:    Overwriting math alphabet `\mathit' in version `bold'
(Font)                  OT1/lmr/bx/it --> OT1/lmss/m/it on input line 97.
LaTeX Font Info:    Redeclaring math alphabet \mathtt on input line 97.
LaTeX Font Info:    Overwriting math alphabet `\mathtt' in version `normal'
(Font)                  OT1/lmtt/m/n --> OT1/lmtt/m/n on input line 97.
LaTeX Font Info:    Overwriting math alphabet `\mathtt' in version `bold'
(Font)                  OT1/lmtt/m/n --> OT1/lmtt/m/n on input line 97.
LaTeX Font Info:    Overwriting symbol font `numbers' in version `bold'
(Font)                  OT1/lmss/m/n --> OT1/lmss/bx/n on input line 97.
LaTeX Font Info:    Overwriting symbol font `pureletters' in version `bold'
(Font)                  OT1/lmss/m/it --> OT1/lmss/bx/it on input line 97.
LaTeX Font Info:    Overwriting math alphabet `\mathrm' in version `bold'
(Font)                  OT1/lmss/bx/n --> OT1/lmr/bx/n on input line 97.
LaTeX Font Info:    Overwriting math alphabet `\mathbf' in version `bold'
(Font)                  OT1/lmss/bx/n --> OT1/lmss/bx/n on input line 97.
LaTeX Font Info:    Overwriting math alphabet `\mathsf' in version `bold'
(Font)                  OT1/lmss/m/n --> OT1/lmss/bx/n on input line 97.
LaTeX Font Info:    Overwriting math alphabet `\mathit' in version `bold'
(Font)                  OT1/lmss/m/it --> OT1/lmss/bx/it on input line 97.
LaTeX Font Info:    Overwriting math alphabet `\mathtt' in version `bold'
(Font)                  OT1/lmtt/m/n --> OT1/lmtt/bx/n on input line 97.

(C:\Users\Nilay\AppData\Roaming\MiKTeX\2.9\tex\latex\beamer\translator\dicts\tr
anslator-basic-dictionary\translator-basic-dictionary-English.dict
Dictionary: translator-basic-dictionary, Language: English 
)
(C:\Users\Nilay\AppData\Roaming\MiKTeX\2.9\tex\latex\beamer\translator\dicts\tr
anslator-bibliography-dictionary\translator-bibliography-dictionary-English.dic
t
Dictionary: translator-bibliography-dictionary, Language: English 
)
(C:\Users\Nilay\AppData\Roaming\MiKTeX\2.9\tex\latex\beamer\translator\dicts\tr
anslator-environment-dictionary\translator-environment-dictionary-English.dict
Dictionary: translator-environment-dictionary, Language: English 
)
(C:\Users\Nilay\AppData\Roaming\MiKTeX\2.9\tex\latex\beamer\translator\dicts\tr
anslator-months-dictionary\translator-months-dictionary-English.dict
Dictionary: translator-months-dictionary, Language: English 
)
(C:\Users\Nilay\AppData\Roaming\MiKTeX\2.9\tex\latex\beamer\translator\dicts\tr
anslator-numbers-dictionary\translator-numbers-dictionary-English.dict
Dictionary: translator-numbers-dictionary, Language: English 
)
(C:\Users\Nilay\AppData\Roaming\MiKTeX\2.9\tex\latex\beamer\translator\dicts\tr
anslator-theorem-dictionary\translator-theorem-dictionary-English.dict
Dictionary: translator-theorem-dictionary, Language: English 
)
LaTeX Info: Redefining \includegraphics on input line 97.

(EulerCircuit-Vermont2017.nav)
LaTeX Font Info:    Font shape `OT1/lmss/m/it' in size <8> not available
(Font)              Font shape `OT1/lmss/m/sl' tried instead on input line 101.

 [1{C:/Users/Nilay/AppData/Local/MiKTeX/2.9/pdftex/config/pdftex.map}

] (EulerCircuit-Vermont2017.toc) [2

]
LaTeX Font Info:    Try loading font information for OML+lmm on input line 134.


("C:\Program Files\MiKTeX 2.9\tex\latex\lm\omllmm.fd"
File: omllmm.fd 2009/10/30 v1.6 Font defs for Latin Modern
)
LaTeX Font Info:    Try loading font information for OMS+lmsy on input line 134
.

("C:\Program Files\MiKTeX 2.9\tex\latex\lm\omslmsy.fd"
File: omslmsy.fd 2009/10/30 v1.6 Font defs for Latin Modern
)
LaTeX Font Info:    Try loading font information for OMX+lmex on input line 134
.

("C:\Program Files\MiKTeX 2.9\tex\latex\lm\omxlmex.fd"
File: omxlmex.fd 2009/10/30 v1.6 Font defs for Latin Modern
)
LaTeX Font Info:    External font `lmex10' loaded for size
(Font)              <10.95> on input line 134.
LaTeX Font Info:    External font `lmex10' loaded for size
(Font)              <8> on input line 134.
LaTeX Font Info:    External font `lmex10' loaded for size
(Font)              <6> on input line 134.
LaTeX Font Info:    Try loading font information for U+msa on input line 134.

("C:\Program Files\MiKTeX 2.9\tex\latex\amsfonts\umsa.fd"
File: umsa.fd 2013/01/14 v3.01 AMS symbols A
)
LaTeX Font Info:    Try loading font information for U+msb on input line 134.

("C:\Program Files\MiKTeX 2.9\tex\latex\amsfonts\umsb.fd"
File: umsb.fd 2013/01/14 v3.01 AMS symbols B
)
LaTeX Font Info:    Font shape `OT1/lmss/m/it' in size <10.95> not available
(Font)              Font shape `OT1/lmss/m/sl' tried instead on input line 134.

LaTeX Font Info:    Font shape `OT1/lmss/m/it' in size <6> not available
(Font)              Font shape `OT1/lmss/m/sl' tried instead on input line 134.

 [3

] [4

] [5

] [6

]
<graphs.png, id=232, 569.12625pt x 324.46219pt>
File: graphs.png Graphic file (type png)
 <use graphs.png>
Package pdftex.def Info: graphs.png used on input line 145.
(pdftex.def)             Requested size: 307.28987pt x 175.19705pt.
 [7

 <./graphs.png>] [8

] [9

] [10

] <pathdi.png, id=352, 224.33812pt x 289.08pt>
File: pathdi.png Graphic file (type png)

<use pathdi.png>
Package pdftex.def Info: pathdi.png used on input line 199.
(pdftex.def)             Requested size: 140.88533pt x 181.54352pt.
 [11

 <./pathdi.png>]
<pathdisol.png, id=383, 350.81062pt x 453.19313pt>
File: pathdisol.png Graphic file (type png)
 <use pathdisol.png>
Package pdftex.def Info: pathdisol.png used on input line 208.
(pdftex.def)             Requested size: 140.32175pt x 181.27403pt.
 [12

 <./pathdisol.png>] [13

] [14

] [15

] <eulerdi.jpg, id=505, 318.43968pt x 188.95593pt>
File: eulerdi.jpg Graphic file (type jpg)

<use eulerdi.jpg>
Package pdftex.def Info: eulerdi.jpg used on input line 250.
(pdftex.def)             Requested size: 254.75209pt x 151.16493pt.
 [16

 <./eulerdi.jpg>] [17

] [18

] [19

] [20

] [21

]
<path2.png, id=681, 602.25pt x 511.15968pt>
File: path2.png Graphic file (type png)
 <use path2.png>
Package pdftex.def Info: path2.png used on input line 294.
(pdftex.def)             Requested size: 240.89572pt x 204.46024pt.

Overfull \vbox (7.28377pt too high) detected at line 294
 []

[22

 <./path2.png>] [23

] [24

] <dna.jpg, id=768, 451.6875pt x 338.76563pt>
File: dna.jpg Graphic file (type jpg)

<use dna.jpg>
Package pdftex.def Info: dna.jpg used on input line 356.
(pdftex.def)             Requested size: 158.09299pt x 118.56973pt.

Overfull \hbox (19.81349pt too wide) in paragraph at lines 356--356
 [] 
 []

[25

 <./dna.jpg>]
File: dna.jpg Graphic file (type jpg)
 <use dna.jpg>
Package pdftex.def Info: dna.jpg used on input line 356.
(pdftex.def)             Requested size: 158.09299pt x 118.56973pt.

Overfull \hbox (19.81349pt too wide) in paragraph at lines 356--356
 [] 
 []

[26

]
File: dna.jpg Graphic file (type jpg)
 <use dna.jpg>
Package pdftex.def Info: dna.jpg used on input line 356.
(pdftex.def)             Requested size: 158.09299pt x 118.56973pt.

Overfull \hbox (19.81349pt too wide) in paragraph at lines 356--356
 [] 
 []

[27

] [28

] <ssexample.png, id=886, 655.69969pt x 355.3275pt>
File: ssexample.png Graphic file (type png)

<use ssexample.png>
Package pdftex.def Info: ssexample.png used on input line 378.
(pdftex.def)             Requested size: 262.27522pt x 142.12846pt.
 [29

 <./ssexample.png>] [30

] [31

] [32

] [33

] [34

]
LaTeX Font Info:    Font shape `OT1/lmss/bx/it' in size <10.95> not available
(Font)              Font shape `OT1/lmss/bx/sl' tried instead on input line 415
.

<3mer.png, id=1063, 773.13844pt x 69.25874pt>
File: 3mer.png Graphic file (type png)
 <use 3mer.png>
Package pdftex.def Info: 3mer.png used on input line 415.
(pdftex.def)             Requested size: 309.2499pt x 27.70299pt.

Overfull \hbox (23.86008pt too wide) in paragraph at lines 415--415
 [] 
 []

<3mer2mer.png, id=1064, 774.64406pt x 107.65219pt>
File: 3mer2mer.png Graphic file (type png)
 <use 3mer2mer.png>
Package pdftex.def Info: 3mer2mer.png used on input line 415.
(pdftex.def)             Requested size: 309.85213pt x 43.0601pt.

Overfull \hbox (24.46231pt too wide) in paragraph at lines 415--415
 [] 
 []

LaTeX Font Info:    External font `lmex10' loaded for size
(Font)              <14.4> on input line 415.
LaTeX Font Info:    External font `lmex10' loaded for size
(Font)              <10> on input line 415.
LaTeX Font Info:    External font `lmex10' loaded for size
(Font)              <7> on input line 415.
LaTeX Font Info:    Font shape `OT1/lmss/m/it' in size <14.4> not available
(Font)              Font shape `OT1/lmss/m/sl' tried instead on input line 415.

LaTeX Font Info:    Font shape `OT1/lmss/m/it' in size <10> not available
(Font)              Font shape `OT1/lmss/m/sl' tried instead on input line 415.

LaTeX Font Info:    Font shape `OT1/lmss/m/it' in size <7> not available
(Font)              Font shape `OT1/lmss/m/sl' tried instead on input line 415.

[35

 <./3mer.png> <./3mer2mer.png>]
File: 3mer.png Graphic file (type png)
 <use 3mer.png>
Package pdftex.def Info: 3mer.png used on input line 415.
(pdftex.def)             Requested size: 309.2499pt x 27.70299pt.

Overfull \hbox (23.86008pt too wide) in paragraph at lines 415--415
 [] 
 []

File: 3mer2mer.png Graphic file (type png)
<use 3mer2mer.png>
Package pdftex.def Info: 3mer2mer.png used on input line 415.
(pdftex.def)             Requested size: 309.85213pt x 43.0601pt.

Overfull \hbox (24.46231pt too wide) in paragraph at lines 415--415
 [] 
 []

[36

]
File: 3mer.png Graphic file (type png)
 <use 3mer.png>
Package pdftex.def Info: 3mer.png used on input line 415.
(pdftex.def)             Requested size: 309.2499pt x 27.70299pt.

Overfull \hbox (23.86008pt too wide) in paragraph at lines 415--415
 [] 
 []

File: 3mer2mer.png Graphic file (type png)
<use 3mer2mer.png>
Package pdftex.def Info: 3mer2mer.png used on input line 415.
(pdftex.def)             Requested size: 309.85213pt x 43.0601pt.

Overfull \hbox (24.46231pt too wide) in paragraph at lines 415--415
 [] 
 []

[37

] <gluing.png, id=1158, 822.07124pt x 320.69812pt>
File: gluing.png Graphic file (type png)
 <use gluing.png>
Package pdftex.def Info: gluing.png used on input line 424.
(pdftex.def)             Requested size: 328.82266pt x 128.27696pt.

Overfull \hbox (21.53279pt too wide) in paragraph at lines 424--424
 [] 
 []

[38

 <./gluing.png>] <gluing2.png, id=1189, 450.18187pt x 434.37282pt>
File: gluing2.png Graphic file (type png)

<use gluing2.png>
Package pdftex.def Info: gluing2.png used on input line 433.
(pdftex.def)             Requested size: 180.06955pt x 173.74605pt.
 [39

 <./gluing2.png>]
<gluing3.png, id=1220, 402.75468pt x 372.64218pt>
File: gluing3.png Graphic file (type png)
 <use gluing3.png>
Package pdftex.def Info: gluing3.png used on input line 442.
(pdftex.def)             Requested size: 161.09901pt x 149.05423pt.
 [40

 <./gluing3.png>] <gluingfinal.png, id=1251, 472.76625pt x 440.39531pt>
File: gluingfinal.png Graphic file (type png)

<use gluingfinal.png>
Package pdftex.def Info: gluingfinal.png used on input line 451.
(pdftex.def)             Requested size: 189.10315pt x 176.155pt.
 [41

 <./gluingfinal.png>] [42

] [43

] [44

] [45

]
LaTeX Font Info:    Font shape `OT1/lmss/m/it' in size <9> not available
(Font)              Font shape `OT1/lmss/m/sl' tried instead on input line 479.

 [46

 <C:/Users/Nilay/AppData/Roaming/MiKTeX/2.9/tex/latex/beamer/art/beamericonarti
cle.pdf>] [47

]
\tf@nav=\write6
\openout6 = `EulerCircuit-Vermont2017.nav'.

\tf@toc=\write7
\openout7 = `EulerCircuit-Vermont2017.toc'.

\tf@snm=\write8
\openout8 = `EulerCircuit-Vermont2017.snm'.

Package atveryend Info: Empty hook `BeforeClearDocument' on input line 489.
Package atveryend Info: Empty hook `AfterLastShipout' on input line 489.
 (EulerCircuit-Vermont2017.aux)
Package atveryend Info: Executing hook `AtVeryEndDocument' on input line 489.
Package atveryend Info: Executing hook `AtEndAfterFileList' on input line 489.
Package rerunfilecheck Info: File `EulerCircuit-Vermont2017.out' has not change
d.
(rerunfilecheck)             Checksum: 506DA6B053C1753479F63CB46503322C;146.
 ) 
Here is how much of TeX's memory you used:
 17559 strings out of 493333
 338323 string characters out of 3139194
 406880 words of memory out of 3000000
 20543 multiletter control sequences out of 15000+200000
 60187 words of font info for 59 fonts, out of 3000000 for 9000
 1141 hyphenation exceptions out of 8191
 56i,19n,60p,792b,668s stack positions out of 5000i,500n,10000p,200000b,50000s
{C:/Program Files/MiKTeX 2.9/fonts/enc/dvips/lm/lm-rm.enc}{C:/Program Files/M
iKTeX 2.9/fonts/enc/dvips/lm/lm-mathit.enc}{C:/Program Files/MiKTeX 2.9/fonts/e
nc/dvips/lm/lm-mathsy.enc}<C:/Program Files/MiKTeX 2.9/fonts/type1/public/lm/lm
mi10.pfb><C:/Program Files/MiKTeX 2.9/fonts/type1/public/lm/lmss10.pfb><C:/Prog
ram Files/MiKTeX 2.9/fonts/type1/public/lm/lmss12.pfb><C:/Program Files/MiKTeX 
2.9/fonts/type1/public/lm/lmss17.pfb><C:/Program Files/MiKTeX 2.9/fonts/type1/p
ublic/lm/lmss8.pfb><C:/Program Files/MiKTeX 2.9/fonts/type1/public/lm/lmss9.pfb
><C:/Program Files/MiKTeX 2.9/fonts/type1/public/lm/lmssbo10.pfb><C:/Program Fi
les/MiKTeX 2.9/fonts/type1/public/lm/lmssbx10.pfb><C:/Program Files/MiKTeX 2.9/
fonts/type1/public/lm/lmsso10.pfb><C:/Program Files/MiKTeX 2.9/fonts/type1/publ
ic/lm/lmsso12.pfb><C:/Program Files/MiKTeX 2.9/fonts/type1/public/lm/lmsso8.pfb
><C:/Program Files/MiKTeX 2.9/fonts/type1/public/lm/lmsso9.pfb><C:/Program File
s/MiKTeX 2.9/fonts/type1/public/lm/lmsy10.pfb>
Output written on EulerCircuit-Vermont2017.pdf (47 pages, 1702488 bytes).
PDF statistics:
 1535 PDF objects out of 1728 (max. 8388607)
 99 named destinations out of 1000 (max. 500000)
 186 words of extra memory for PDF output out of 10000 (max. 10000000)

